mktextfm ptmr7t
mktextfm ptmr7t
mktextfm ptmb7t
mktextfm nullfont
mktextfm ptmr7t
mktextfm zptmcmr
mktextfm zptmcmr
mktextfm zptmcmr
mktextfm zptmcmrm
mktextfm zptmcmrm
mktextfm zptmcmrm
mktextfm zpzccmry
mktextfm zpzccmry
mktextfm zpzccmry
mktextfm zpsycmrv
mktextfm zpsycmrv
mktextfm zpsycmrv
mktextfm ptmb7t
mktextfm nullfont
mktextfm ptmb7t
mktextfm nullfont
mktextfm ptmb7t
mktextfm nullfont
mktextfm ptmri7t
mktextfm ptmri7t
mktextfm ptmri7t
mktextfm ptmr7t
mktextfm ptmr7t
mktextfm ptmri7t
mktextfm zptmcmr
mktextfm zptmcmr
mktextfm zptmcmr
mktextfm zptmcmrm
mktextfm zptmcmrm
mktextfm zptmcmrm
mktextfm zpzccmry
mktextfm zpzccmry
mktextfm zpzccmry
mktextfm zpsycmrv
mktextfm zpsycmrv
mktextfm zpsycmrv
mktextfm ptmb7t
mktextfm nullfont
mktextfm ptmb7t
mktextfm nullfont
mktextfm ptmb7t
mktextfm nullfont
mktextfm ptmri7t
mktextfm ptmri7t
mktextfm zpzccmry
mktextfm nullfont
mktextfm ptmr7t
mktextfm ptmr7t
mktextfm ptmb7t
mktextfm nullfont
mktextfm ptmb7t
mktextfm nullfont
mktextfm ptmr7t
mktextfm ptmb7t
mktextfm nullfont
mktextfm zpzccmry
mktextfm nullfont
mktextfm ptmri7t
mktextfm zptmcmr
mktextfm zptmcmr
mktextfm zptmcmr
mktextfm zptmcmrm
mktextfm zptmcmrm
mktextfm zptmcmrm
mktextfm zpzccmry
mktextfm zpzccmry
mktextfm zpsycmrv
mktextfm zpsycmrv
mktextfm zpsycmrv
mktextfm ptmb7t
mktextfm nullfont
mktextfm ptmb7t
mktextfm nullfont
mktextfm ptmri7t
mktextfm ptmri7t
mktextfm zpzccmry
mktextfm nullfont
mktextfm psyr
mktextfm psyr
mktextfm psyr
mktextfm ptmr7t
mktextfm ptmr7t
mktextfm ptmb7t
mktextfm nullfont
mktextfm ptmr7t
mktextfm zptmcmr
mktextfm zptmcmr
mktextfm zptmcmr
mktextfm zptmcmrm
mktextfm zptmcmrm
mktextfm zptmcmrm
mktextfm zpzccmry
mktextfm zpzccmry
mktextfm zpzccmry
mktextfm zpsycmrv
mktextfm zpsycmrv
mktextfm zpsycmrv
mktextfm ptmb7t
mktextfm nullfont
mktextfm ptmb7t
mktextfm nullfont
mktextfm ptmb7t
mktextfm nullfont
mktextfm ptmri7t
mktextfm ptmri7t
mktextfm ptmri7t
mktextfm ptmr7t
mktextfm ptmr7t
mktextfm ptmri7t
mktextfm zptmcmr
mktextfm zptmcmr
mktextfm zptmcmr
mktextfm zptmcmrm
mktextfm zptmcmrm
mktextfm zptmcmrm
mktextfm zpzccmry
mktextfm zpzccmry
mktextfm zpzccmry
mktextfm zpsycmrv
mktextfm zpsycmrv
mktextfm zpsycmrv
mktextfm ptmb7t
mktextfm nullfont
mktextfm ptmb7t
mktextfm nullfont
mktextfm ptmb7t
mktextfm nullfont
mktextfm ptmri7t
mktextfm ptmri7t
mktextfm zpzccmry
mktextfm nullfont
mktextfm ptmr7t
mktextfm ptmr7t
mktextfm ptmb7t
mktextfm nullfont
mktextfm ptmb7t
mktextfm nullfont
mktextfm ptmr7t
mktextfm ptmb7t
mktextfm nullfont
mktextfm zpzccmry
mktextfm nullfont
mktextfm ptmri7t
mktextfm zptmcmr
mktextfm zptmcmr
mktextfm zptmcmr
mktextfm zptmcmrm
mktextfm zptmcmrm
mktextfm zptmcmrm
mktextfm zpzccmry
mktextfm zpzccmry
mktextfm zpsycmrv
mktextfm zpsycmrv
mktextfm zpsycmrv
mktextfm ptmb7t
mktextfm nullfont
mktextfm ptmb7t
mktextfm nullfont
mktextfm ptmri7t
mktextfm ptmri7t
mktextfm zpzccmry
mktextfm nullfont
mktextfm psyr
mktextfm psyr
mktextfm psyr
mktextfm ptmr7t
mktextfm ptmr7t
mktextfm ptmb7t
mktextfm nullfont
mktextfm ptmr7t
mktextfm zptmcmr
mktextfm zptmcmr
mktextfm zptmcmr
mktextfm zptmcmrm
mktextfm zptmcmrm
mktextfm zptmcmrm
mktextfm zpzccmry
mktextfm zpzccmry
mktextfm zpzccmry
mktextfm zpsycmrv
mktextfm zpsycmrv
mktextfm zpsycmrv
mktextfm ptmb7t
mktextfm nullfont
mktextfm ptmb7t
mktextfm nullfont
mktextfm ptmb7t
mktextfm nullfont
mktextfm ptmri7t
mktextfm ptmri7t
mktextfm ptmri7t
mktextfm ptmr7t
mktextfm ptmr7t
mktextfm ptmri7t
mktextfm zptmcmr
mktextfm zptmcmr
mktextfm zptmcmr
mktextfm zptmcmrm
mktextfm zptmcmrm
mktextfm zptmcmrm
mktextfm zpzccmry
mktextfm zpzccmry
mktextfm zpzccmry
mktextfm zpsycmrv
mktextfm zpsycmrv
mktextfm zpsycmrv
mktextfm ptmb7t
mktextfm nullfont
mktextfm ptmb7t
mktextfm nullfont
mktextfm ptmb7t
mktextfm nullfont
mktextfm ptmri7t
mktextfm ptmri7t
mktextfm zpzccmry
mktextfm nullfont
mktextfm ptmr7t
mktextfm ptmr7t
mktextfm ptmb7t
mktextfm nullfont
mktextfm ptmb7t
mktextfm nullfont
mktextfm ptmr7t
mktextfm ptmb7t
mktextfm nullfont
mktextfm zpzccmry
mktextfm nullfont
mktextfm ptmri7t
mktextfm zptmcmr
mktextfm zptmcmr
mktextfm zptmcmr
mktextfm zptmcmrm
mktextfm zptmcmrm
mktextfm zptmcmrm
mktextfm zpzccmry
mktextfm zpzccmry
mktextfm zpsycmrv
mktextfm zpsycmrv
mktextfm zpsycmrv
mktextfm ptmb7t
mktextfm nullfont
mktextfm ptmb7t
mktextfm nullfont
mktextfm ptmri7t
mktextfm ptmri7t
mktextfm zpzccmry
mktextfm nullfont
mktextfm psyr
mktextfm psyr
mktextfm psyr
mktextfm ptmr7t
mktextfm ptmr7t
mktextfm ptmb7t
mktextfm nullfont
mktextfm ptmr7t
mktextfm zptmcmr
mktextfm zptmcmr
mktextfm zptmcmr
mktextfm zptmcmrm
mktextfm zptmcmrm
mktextfm zptmcmrm
mktextfm zpzccmry
mktextfm zpzccmry
mktextfm zpzccmry
mktextfm zpsycmrv
mktextfm zpsycmrv
mktextfm zpsycmrv
mktextfm ptmb7t
mktextfm nullfont
mktextfm ptmb7t
mktextfm nullfont
mktextfm ptmb7t
mktextfm nullfont
mktextfm ptmri7t
mktextfm ptmri7t
mktextfm ptmri7t
mktextfm ptmr7t
mktextfm ptmr7t
mktextfm ptmri7t
mktextfm zptmcmr
mktextfm zptmcmr
mktextfm zptmcmr
mktextfm zptmcmrm
mktextfm zptmcmrm
mktextfm zptmcmrm
mktextfm zpzccmry
mktextfm zpzccmry
mktextfm zpzccmry
mktextfm zpsycmrv
mktextfm zpsycmrv
mktextfm zpsycmrv
mktextfm ptmb7t
mktextfm nullfont
mktextfm ptmb7t
mktextfm nullfont
mktextfm ptmb7t
mktextfm nullfont
mktextfm ptmri7t
mktextfm ptmri7t
mktextfm zpzccmry
mktextfm nullfont
mktextfm ptmr7t
mktextfm ptmr7t
mktextfm ptmb7t
mktextfm nullfont
mktextfm ptmb7t
mktextfm nullfont
mktextfm ptmr7t
mktextfm ptmb7t
mktextfm nullfont
mktextfm zpzccmry
mktextfm nullfont
mktextfm ptmri7t
mktextfm zptmcmr
mktextfm zptmcmr
mktextfm zptmcmr
mktextfm zptmcmrm
mktextfm zptmcmrm
mktextfm zptmcmrm
mktextfm zpzccmry
mktextfm zpzccmry
mktextfm zpsycmrv
mktextfm zpsycmrv
mktextfm zpsycmrv
mktextfm ptmb7t
mktextfm nullfont
mktextfm ptmb7t
mktextfm nullfont
mktextfm ptmri7t
mktextfm ptmri7t
mktextfm zpzccmry
mktextfm nullfont
mktextfm psyr
mktextfm psyr
mktextfm psyr
